<?xml version="1.0" encoding="UTF-8"?>
<!-- Generated by org.testng.reporters.JUnitXMLReporter -->
<testsuite hostname="LAPTOP-UBBPG2IU" ignored="0" name="Test" tests="1" failures="1" timestamp="15 Aug 2019 07:19:37 GMT" time="74.14" errors="0">
  <testcase name="demo" time="0.012" classname="com.maven.TestCases.Test1">
    <failure type="java.lang.NullPointerException">
      <![CDATA[java.lang.NullPointerException
	at com.maven.PageObjects.LoginPage.LoginApplication(LoginPage.java:20)
	at com.maven.TestCases.Test1.demo(Test1.java:14)
... Removed 25 stack frames]]>
    </failure>
  </testcase> <!-- demo -->
</testsuite> <!-- Test -->
