-------------------------------------------------------------------------------
Test set: TestSuite
-------------------------------------------------------------------------------
Tests run: 1, Failures: 1, Errors: 0, Skipped: 0, Time elapsed: 175.569 sec <<< FAILURE!
demo(com.maven.TestCases.Test1)  Time elapsed: 0.016 sec  <<< FAILURE!
java.lang.NullPointerException
	at com.maven.PageObjects.LoginPage.LoginApplication(LoginPage.java:20)
	at com.maven.TestCases.Test1.demo(Test1.java:14)

