<?xml version="1.0" encoding="UTF-8" ?>
<testsuite tests="1" failures="1" name="TestSuite" time="0.016" errors="0" skipped="0">
  <properties>
[...]
</properties>
  <testcase classname="com.maven.TestCases.Test1" name="demo" time="0.016">
    <failure type="java.lang.NullPointerException">java.lang.NullPointerException
	at com.maven.PageObjects.LoginPage.LoginApplication(LoginPage.java:20)
	at com.maven.TestCases.Test1.demo(Test1.java:14)
</failure>
    <system-err>1565855846505	mozrunner::runner	INFO	Running command: &quot;C:\\Program Files (x86)\\Mozilla Firefox\\firefox.exe&quot; &quot;-marionette&quot; &quot;-foreground&quot; &quot;-no-remote&quot; &quot;-profile&quot; &quot;C:\\Users\\Gaurav\\AppData\\Local\\Temp\\rust_mozprofile.51GgmwK4C79j&quot;
1565855852794	addons.webextension.screenshots@mozilla.org	WARN	Loading extension &apos;screenshots@mozilla.org&apos;: Reading manifest: Invalid extension permission: mozillaAddons
1565855852794	addons.webextension.screenshots@mozilla.org	WARN	Loading extension &apos;screenshots@mozilla.org&apos;: Reading manifest: Invalid extension permission: telemetry
1565855852795	addons.webextension.screenshots@mozilla.org	WARN	Loading extension &apos;screenshots@mozilla.org&apos;: Reading manifest: Invalid extension permission: resource://pdf.js/
1565855852795	addons.webextension.screenshots@mozilla.org	WARN	Loading extension &apos;screenshots@mozilla.org&apos;: Reading manifest: Invalid extension permission: about:reader*
1565855862544	Marionette	INFO	Listening on port 64171
1565855862901	Marionette	WARN	TLS certificate errors will be ignored for this session
Aug 15, 2019 1:27:43 PM org.openqa.selenium.remote.ProtocolHandshake createSession
INFO: Detected dialect: W3C
console.error: BroadcastService: 
  receivedBroadcastMessage: handler for
  remote-settings/monitor_changes
  threw error:
  Message: Error: Polling for changes failed: http://%(server)s/dummy/blocklist//buckets/monitor/collections/changes/records?_expected=%221565827207474%22 is not a valid URL..
  Stack:
    remoteSettingsFunction/remoteSettings.pollChanges@resource://services-settings/remote-settings.js:201:13

19/08/15 13:30:13 INFO TestBase: browser launched in  ----firefox
</system-err>
  </testcase>
</testsuite>